c:\users\pearu\documents\github\yapb-ml\botsprojects\yapb\build_release\yapb.dir\release\vc143.pdb
c:\users\pearu\documents\github\yapb-ml\botsprojects\yapb\build_release\yapb.dir\release\storage.obj
c:\users\pearu\documents\github\yapb-ml\botsprojects\yapb\build_release\yapb.dir\release\sounds.obj
c:\users\pearu\documents\github\yapb-ml\botsprojects\yapb\build_release\yapb.dir\release\practice.obj
c:\users\pearu\documents\github\yapb-ml\botsprojects\yapb\build_release\yapb.dir\release\planner.obj
c:\users\pearu\documents\github\yapb-ml\botsprojects\yapb\build_release\yapb.dir\release\navigate.obj
c:\users\pearu\documents\github\yapb-ml\botsprojects\yapb\build_release\yapb.dir\release\message.obj
c:\users\pearu\documents\github\yapb-ml\botsprojects\yapb\build_release\yapb.dir\release\module.obj
c:\users\pearu\documents\github\yapb-ml\botsprojects\yapb\build_release\yapb.dir\release\manager.obj
c:\users\pearu\documents\github\yapb-ml\botsprojects\yapb\build_release\yapb.dir\release\linkage.obj
c:\users\pearu\documents\github\yapb-ml\botsprojects\yapb\build_release\yapb.dir\release\hooks.obj
c:\users\pearu\documents\github\yapb-ml\botsprojects\yapb\build_release\yapb.dir\release\graph.obj
c:\users\pearu\documents\github\yapb-ml\botsprojects\yapb\build_release\yapb.dir\release\fakeping.obj
c:\users\pearu\documents\github\yapb-ml\botsprojects\yapb\build_release\yapb.dir\release\external_control.obj
c:\users\pearu\documents\github\yapb-ml\botsprojects\yapb\build_release\yapb.dir\release\engine.obj
c:\users\pearu\documents\github\yapb-ml\botsprojects\yapb\build_release\yapb.dir\release\control.obj
c:\users\pearu\documents\github\yapb-ml\botsprojects\yapb\build_release\yapb.dir\release\config.obj
c:\users\pearu\documents\github\yapb-ml\botsprojects\yapb\build_release\yapb.dir\release\combat.obj
c:\users\pearu\documents\github\yapb-ml\botsprojects\yapb\build_release\yapb.dir\release\chatlib.obj
c:\users\pearu\documents\github\yapb-ml\botsprojects\yapb\build_release\yapb.dir\release\botlib.obj
c:\users\pearu\documents\github\yapb-ml\botsprojects\yapb\build_release\yapb.dir\release\analyze.obj
c:\users\pearu\documents\github\yapb-ml\botsprojects\yapb\build_release\yapb.dir\release\vistable.obj
c:\users\pearu\documents\github\yapb-ml\botsprojects\yapb\build_release\yapb.dir\release\vision.obj
c:\users\pearu\documents\github\yapb-ml\botsprojects\yapb\build_release\yapb.dir\release\tasks.obj
c:\users\pearu\documents\github\yapb-ml\botsprojects\yapb\build_release\yapb.dir\release\hazard_detector_clean.obj
c:\users\pearu\documents\github\yapb-ml\botsprojects\yapb\build_release\yapb.dir\release\support.obj
c:\users\pearu\documents\github\yapb-ml\botsprojects\yapb\build_release\cmakefiles\generate.stamp
c:\users\pearu\documents\github\yapb-ml\botsprojects\yapb\build_release\release\yapb.dll
c:\users\pearu\documents\github\yapb-ml\botsprojects\yapb\build_release\yapb.dir\release\yapb.res
c:\users\pearu\documents\github\yapb-ml\botsprojects\yapb\build_release\release\yapb.lib
c:\users\pearu\documents\github\yapb-ml\botsprojects\yapb\build_release\release\yapb.exp
c:\users\pearu\documents\github\yapb-ml\botsprojects\yapb\build_release\yapb.dir\release\yapb.iobj
c:\users\pearu\documents\github\yapb-ml\botsprojects\yapb\build_release\yapb.dir\release\yapb.tlog\cl.command.1.tlog
c:\users\pearu\documents\github\yapb-ml\botsprojects\yapb\build_release\yapb.dir\release\yapb.tlog\cl.items.tlog
c:\users\pearu\documents\github\yapb-ml\botsprojects\yapb\build_release\yapb.dir\release\yapb.tlog\cl.read.1.tlog
c:\users\pearu\documents\github\yapb-ml\botsprojects\yapb\build_release\yapb.dir\release\yapb.tlog\cl.write.1.tlog
c:\users\pearu\documents\github\yapb-ml\botsprojects\yapb\build_release\yapb.dir\release\yapb.tlog\custombuild.command.1.tlog
c:\users\pearu\documents\github\yapb-ml\botsprojects\yapb\build_release\yapb.dir\release\yapb.tlog\custombuild.read.1.tlog
c:\users\pearu\documents\github\yapb-ml\botsprojects\yapb\build_release\yapb.dir\release\yapb.tlog\custombuild.write.1.tlog
c:\users\pearu\documents\github\yapb-ml\botsprojects\yapb\build_release\yapb.dir\release\yapb.tlog\link.command.1.tlog
c:\users\pearu\documents\github\yapb-ml\botsprojects\yapb\build_release\yapb.dir\release\yapb.tlog\link.read.1.tlog
c:\users\pearu\documents\github\yapb-ml\botsprojects\yapb\build_release\yapb.dir\release\yapb.tlog\link.secondary.1.tlog
c:\users\pearu\documents\github\yapb-ml\botsprojects\yapb\build_release\yapb.dir\release\yapb.tlog\link.write.1.tlog
c:\users\pearu\documents\github\yapb-ml\botsprojects\yapb\build_release\yapb.dir\release\yapb.tlog\rc.command.1.tlog
c:\users\pearu\documents\github\yapb-ml\botsprojects\yapb\build_release\yapb.dir\release\yapb.tlog\rc.read.1.tlog
c:\users\pearu\documents\github\yapb-ml\botsprojects\yapb\build_release\yapb.dir\release\yapb.tlog\rc.write.1.tlog
